[www.tdp-arch.com/index.html]
[www.tdp-arch.com/img/favicon.png]
[www.tdp-arch.com/img/apple-touch-icon.png]
[www.tdp-arch.com/img/favicon-32x32.png]
[www.tdp-arch.com/img/favicon-16x16.png]
[www.tdp-arch.com/css/mainbb1e.css]
[use.typekit.net/yqo5vxu.css]
[backblue.gif]
[fade.gif]
[index.html]
[www.tdp-arch.com/humans.txt]
[www.tdp-arch.com/portfolio.html]
[www.tdp-arch.com/services.html]
[www.tdp-arch.com/services/architecture.html]
[www.tdp-arch.com/services/commercial-property-for-sale.html]
[www.tdp-arch.com/services/commercial-development.html]
[www.tdp-arch.com/industries.html]
[www.tdp-arch.com/industries/hospitality.html]
[www.tdp-arch.com/industries/healthcare.html]
[www.tdp-arch.com/industries/emergency-services.html]
[www.tdp-arch.com/industries/corporate.html]
[www.tdp-arch.com/industries/industrial.html]
[www.tdp-arch.com/industries/retail-interior-design-firms.html]
[www.tdp-arch.com/industries/government.html]
[www.tdp-arch.com/industries/education.html]
[www.tdp-arch.com/industries/church-design-firm.html]
[www.tdp-arch.com/industries/multi-family.html]
[www.tdp-arch.com/about.html]
[www.tdp-arch.com/about/careers.html]
[www.tdp-arch.com/about/contact.html]
[www.tdp-arch.com/about/news-updates.html]
[www.tdp-arch.com/start-your-project.html]
[media.tdp-arch.com/_rectangle/Architecture-Slider.png]
[media.tdp-arch.com/_rectangle/Real-Estate-Slider.png]
[media.tdp-arch.com/_rectangle/HOME-Commercial-Property-Developers-Development.jpg]
[media.tdp-arch.com/Calendar_Icon.gif]
[media.tdp-arch.com/Building_Icon2.gif]
[media.tdp-arch.com/Map_Icon2.gif]
[media.tdp-arch.com/_rectangle/edited-new.jpg]
[media.tdp-arch.com/_rectangle/Workshop-Interior-1.jpg]
[media.tdp-arch.com/_rectangle/HOME-Commercial-Property-Developers-Industries.jpg]
[www.tdp-arch.com/portfolio/mitchum-jewelers.html]
[media.tdp-arch.com/_landscape/Mitchums-Cover.png]
[media.tdp-arch.com/_square/MITCHUM-Thumbnail.jpg]
[www.tdp-arch.com/portfolio/fun-mountain.html]
[media.tdp-arch.com/_square/Fun-Mountian-Exterior.png]
[www.tdp-arch.com/portfolio/the-workshop-at-finley-farms.html]
[media.tdp-arch.com/_square/The-workshop-thumbnail.png]
[www.tdp-arch.com/portfolio/the-truman-house.html]
[media.tdp-arch.com/_square/Truman.png]
[www.tdp-arch.com/portfolio/andys-frozen-custard.html]
[media.tdp-arch.com/_square/Andys-Rogers-AR-Thumbnail.png]
[www.tdp-arch.com/portfolio/fire-station.html]
[media.tdp-arch.com/_square/Fire-Station-Thumbnail_200506_164146.png]
[www.tdp-arch.com/portfolio/coxhealth-montclair.html]
[media.tdp-arch.com/_square/06_15_20-Paragon-Fabrication-Cox-001.jpg]
[www.tdp-arch.com/portfolio/missouri-s-t.html]
[media.tdp-arch.com/_square/Missouri-ST-4.png]
[www.tdp-arch.com/portfolio/scrivener-oil.html]
[media.tdp-arch.com/_square/Scrivener-oil-thumbnail.png]
[www.tdp-arch.com/portfolio/oreilly-auto-parts.html]
[media.tdp-arch.com/_square/Oreilly-thumbnail_200116_191328.png]
[www.tdp-arch.com/portfolio/dollar-general.html]
[media.tdp-arch.com/_square/Dollar-general-Thumbnail.png]
[www.tdp-arch.com/portfolio/amgh-headquarters.html]
[media.tdp-arch.com/_square/Helipad-West-Plains.png]
[www.tdp-arch.com/portfolio/the-village-baptist-church.html]
[media.tdp-arch.com/_square/11_10_18-Paragon360-NC-Village-102.jpg]
[www.tdp-arch.com/portfolio/farmers-bank.html]
[media.tdp-arch.com/_square/Farmers-Thumbnail.png]
[www.tdp-arch.com/portfolio/buffalo-ridge.html]
[media.tdp-arch.com/_square/Buffalo-Ridge-Thumbnail.png]
[www.tdp-arch.com/portfolio/ozark-family-clinic.html]
[media.tdp-arch.com/_square/Ozark-Family-Clinic-Thumbnail.png]
[www.tdp-arch.com/portfolio/springfield-family-vision.html]
[media.tdp-arch.com/_square/Springfield-Family-Vision-Thumbnail.png]
[www.tdp-arch.com/portfolio/century-pines-church-infill.html]
[media.tdp-arch.com/_square/Century-Pines-Church-thumbnail.png]
[www.tdp-arch.com/portfolio/muscle-maker-grill.html]
[media.tdp-arch.com/_square/Muscle-Maker-Thumbnail.png]
[www.tdp-arch.com/portfolio/signal.html]
[media.tdp-arch.com/_square/Signal-South-Campbell.png]
[www.tdp-arch.com/portfolio/1st-baptist-church.html]
[media.tdp-arch.com/_square/muskogee-thumbnail.png]
[www.tdp-arch.com/news-updates/9-25-1.html]
[media.tdp-arch.com/_rectangle/Main-Photo_201030_184651.png]
[www.tdp-arch.com/news-updates/9-25.html]
[media.tdp-arch.com/_rectangle/main.png]
[www.tdp-arch.com/news-updates/8-28.html]
[media.tdp-arch.com/_rectangle/bettle.png]
[www.tdp-arch.com/news-updates/7-31-1.html]
[media.tdp-arch.com/_rectangle/group-of-diversity-people-volunteen-arm-around-UDHZGYT-2.jpg]
[www.tdp-arch.com/news-updates/7-31.html]
[media.tdp-arch.com/_rectangle/music.jpg]
[www.tdp-arch.com/news-updates/7-24.html]
[media.tdp-arch.com/_rectangle/Joy.jpg]
[www.tdp-arch.com/news-updates/7-17.html]
[media.tdp-arch.com/_rectangle/Untitled-3_200717_151208.png]
[www.tdp-arch.com/news-updates/7-10.html]
[media.tdp-arch.com/_rectangle/Main_200710_141926.jpg]
[www.tdp-arch.com/news-updates/6-26-1.html]
[media.tdp-arch.com/_rectangle/Main.jpg]
[www.tdp-arch.com/news-updates/6-26.html]
[media.tdp-arch.com/_rectangle/Untitled-2.jpg]
[www.tdp-arch.com/news-updates/6-19-20.html]
[media.tdp-arch.com/_rectangle/Main-photo.jpeg.jpg]
[www.tdp-arch.com/news-updates/6-12.html]
[media.tdp-arch.com/_rectangle/main-pohoto.png]
[www.tdp-arch.com/news-updates/6-5.html]
[media.tdp-arch.com/_rectangle/mian.jpg]
[www.tdp-arch.com/news-updates/5-29.html]
[media.tdp-arch.com/_rectangle/lake.png]
[www.tdp-arch.com/news-updates/5-22.html]
[media.tdp-arch.com/_rectangle/america.png]
[www.tdp-arch.com/news-updates/5-15.html]
[www.tdp-arch.com/news-updates/5-8.html]
[media.tdp-arch.com/_rectangle/Main-Photo_200507_194503.png]
[www.tdp-arch.com/news-updates/3-13.html]
[media.tdp-arch.com/_rectangle/Cover-Photo.jpg]
[www.tdp-arch.com/news-updates/3-6.html]
[media.tdp-arch.com/_rectangle/Vegetables.png]
[www.tdp-arch.com/news-updates/2-28-20.html]
[media.tdp-arch.com/_rectangle/Books-Cover-1.png]
[www.tdp-arch.com/our-partners.html]
[www.tdp-arch.com/privacy-policy.html]
[www.tdp-arch.com/terms-of-use.html]
[cdn.polyfill.io/v2/polyfill.min.js]
[www.tdp-arch.com/js/manifest211d.js]
[www.tdp-arch.com/js/vendor3d47.js]
[www.tdp-arch.com/index.html]
[www.googletagmanager.com/gtm5445.html]
[www.tdp-arch.com/img/site.html]
[www.tdp-arch.com/js/main5c54.js]
[www.tdp-arch.com/img/dots.png]
[www.tdp-arch.com/img/illustration.png]
[www.tdp-arch.com/img/illustration-inverse.png]
[www.tdp-arch.com/img/footer.png]
[www.tdp-arch.com/fonts/fa-brands-400c3d5.eot]
[www.tdp-arch.com/fonts/fa-brands-4003aad.eot]
[www.tdp-arch.com/fonts/fa-brands-4000acc.woff]
[www.tdp-arch.com/fonts/fa-brands-400ead5.ttf]
[www.tdp-arch.com/fonts/fa-light-3004050.eot]
[www.tdp-arch.com/fonts/fa-light-30095bf.eot]
[www.tdp-arch.com/fonts/fa-light-300a5bf.woff]
[www.tdp-arch.com/fonts/fa-light-30026f5.ttf]
[www.tdp-arch.com/fonts/fa-regular-400a853.eot]
[www.tdp-arch.com/fonts/fa-regular-4002d13.eot]
[www.tdp-arch.com/fonts/fa-regular-400e177.woff]
[www.tdp-arch.com/fonts/fa-regular-40001e9.ttf]
[www.tdp-arch.com/fonts/fa-solid-90080ea.eot]
[www.tdp-arch.com/fonts/fa-solid-90056e0.eot]
[www.tdp-arch.com/fonts/fa-solid-900efe4.woff]
[www.tdp-arch.com/fonts/fa-solid-90038df.ttf]
[www.tdp-arch.com/css/mainbb1e.css]
[use.typekit.net/af/c1b4f7/000000000000000000017774/27/l652f]
[use.typekit.net/af/c1b4f7/000000000000000000017774/27/d652f]
[use.typekit.net/af/c1b4f7/000000000000000000017774/27/a652f]
[use.typekit.net/af/f96583/000000000000000000017775/27/le265]
[use.typekit.net/af/f96583/000000000000000000017775/27/de265]
[use.typekit.net/af/f96583/000000000000000000017775/27/ae265]
[use.typekit.net/af/e67d8d/000000000000000000017776/27/le196]
[use.typekit.net/af/e67d8d/000000000000000000017776/27/de196]
[use.typekit.net/af/e67d8d/000000000000000000017776/27/ae196]
[use.typekit.net/af/32d1b5/000000000000000000017777/27/lfdcc]
[use.typekit.net/af/32d1b5/000000000000000000017777/27/dfdcc]
[use.typekit.net/af/32d1b5/000000000000000000017777/27/afdcc]
[use.typekit.net/af/8c68f7/00000000000000003b9ae84a/27/l3eab]
[use.typekit.net/af/8c68f7/00000000000000003b9ae84a/27/d3eab]
[use.typekit.net/af/8c68f7/00000000000000003b9ae84a/27/a3eab]
[use.typekit.net/af/2f8a18/00000000000000003b9ae84b/27/laaa3]
[use.typekit.net/af/2f8a18/00000000000000003b9ae84b/27/daaa3]
[use.typekit.net/af/2f8a18/00000000000000003b9ae84b/27/aaaa3]
[use.typekit.net/af/9e0ad7/00000000000000003b9ae84c/27/le196]
[use.typekit.net/af/9e0ad7/00000000000000003b9ae84c/27/de196]
[use.typekit.net/af/9e0ad7/00000000000000003b9ae84c/27/ae196]
[use.typekit.net/af/943049/00000000000000003b9ae84d/27/lfdcc]
[use.typekit.net/af/943049/00000000000000003b9ae84d/27/dfdcc]
[use.typekit.net/af/943049/00000000000000003b9ae84d/27/afdcc]
[use.typekit.net/af/cab4b1/00000000000000003b9ae84e/27/l652f]
[use.typekit.net/af/cab4b1/00000000000000003b9ae84e/27/d652f]
[use.typekit.net/af/cab4b1/00000000000000003b9ae84e/27/a652f]
[use.typekit.net/af/2d455d/00000000000000003b9ae84f/27/le265]
[use.typekit.net/af/2d455d/00000000000000003b9ae84f/27/de265]
[use.typekit.net/yqo5vxu.css]
[use.typekit.net/af/2d455d/00000000000000003b9ae84f/27/ae265]
[www.tdp-arch.com/img/logo.svg]
[www.tdp-arch.com/portfolio/mizzou.html]
[www.tdp-arch.com/portfolio/indexec07.html]
[www.tdp-arch.com/portfolio/index9b47.html]
[www.tdp-arch.com/portfolio/indexf385.html]
[media.tdp-arch.com/_square/Thumbnail_200323_190626.png]
[www.tdp-arch.com/portfolio/indexedc6.html]
[www.tdp-arch.com/portfolio/index7dcd.html]
[www.tdp-arch.com/portfolio/index55b9.html]
[www.tdp-arch.com/portfolio4658.html]
[www.tdp-arch.com/portfolio.html]
[www.tdp-arch.com/portfolio/index1577.html]
[www.tdp-arch.com/portfolio/indexd3cb.html]
[www.tdp-arch.com/portfolio/index966f.html]
[www.tdp-arch.com/portfolio/indexcf18.html]
[www.tdp-arch.com/portfolio/index5d52.html]
[www.tdp-arch.com/portfolio/index3d48.html]
[media.tdp-arch.com/_rectangle/SERVICES_Retail-Property-Developers-Scrivener.png]
[www.tdp-arch.com/portfolio/index4eb9.html]
[media.tdp-arch.com/_rectangle/SERVICES_Retail-Property-Developers-Arial.png]
[media.tdp-arch.com/_rectangle/DEVELOPMENT-Commercial-Building-Developers-Hero-Banner.png]
[media.tdp-arch.com/_square/SERVICES_Retail-Property-Developers.jpg]
[media.tdp-arch.com/_square/SERVICES_Retail-Property-Developers-Site-Selection.jpg]
[media.tdp-arch.com/_square/SERVICES_Retail-Property-Developers-Site-Procurement.png]
[media.tdp-arch.com/_square/SERVICES_Retail-Property-Developers-Programming.jpg]
[media.tdp-arch.com/_square/SERVICES_Retail-Property-Developers-Cost-Estimating.jpg]
[media.tdp-arch.com/_square/SERVICES_Retail-Property-Developers-Master-Planning.jpg]
[media.tdp-arch.com/_square/SERVICES_Retail-Property-Developers-Brand-Development.png]
[media.tdp-arch.com/_square/SERVICES_Retail-Property-Developers-Architectural-Design.jpg]
[media.tdp-arch.com/_square/SERVICES_Retail-Property-Developers-Interior-Design.jpg]
[media.tdp-arch.com/_square/SERVICES_Retail-Property-Developers-Project-Management.jpg]
[media.tdp-arch.com/_square/SERVICES_Retail-Property-Developers-Sustainability.jpg]
[media.tdp-arch.com/_square/SERVICES_Retail-Property-Developers-Adapative-Reuse.png]
[media.tdp-arch.com/_square/SERVICES_Retail-Property-Developers-Historic-Preservation.jpg]
[www.tdp-arch.com/services.html]
[media.tdp-arch.com/_rectangle/ARCHITECTURE-Commercial-Interior-Architects-Design.jpg]
[media.tdp-arch.com/_rectangle/ARCHITECTURE-Commercial-Interior-Architects-Plan.jpg]
[media.tdp-arch.com/_rectangle/ARCHITECTURE-Commercial-Architecture-Design-Manage.png]
[media.tdp-arch.com/_rectangle/ARCHITECTURE-Commercial-Architecture-Design-Day-One.jpg]
[media.tdp-arch.com/_rectangle/Fun-Mountain-Ropes-course-2_191210_150216.jpg]
[media.tdp-arch.com/_square/Scivener-Oil-Headquarters_191210_150108.jpg]
[media.tdp-arch.com/_rectangle/Missouri-ST-Student-Center-2_191210_150046.jpg]
[www.tdp-arch.com/news-updates/hiring-an-architect-all-your-myths-busted.html]
[media.tdp-arch.com/_rectangle/Hiring-an-architect-blog-hero.png]
[www.tdp-arch.com/news-updates/what-sets-torgerson-design-partners-apart.html]
[media.tdp-arch.com/_rectangle/What-sets-TDP-Apart-blog-hero.png]
[www.tdp-arch.com/news-updates/architect-or-engineer.html]
[media.tdp-arch.com/_rectangle/Architect-or-Engineer-Blog-Hero.png]
[www.tdp-arch.com/services/architecture.html]
[media.tdp-arch.com/_rectangle/REALESTATE_commercial-property-for-sale-sell-property.png]
[media.tdp-arch.com/_rectangle/REALESTATE-commercial-property-for-sale-find-property.png]
[media.tdp-arch.com/_rectangle/REALESTATE-commercial-real-estate-content-img.jpg]
[www.tdp-arch.com/services/commercial-property-management-firms.html]
[media.tdp-arch.com/_rectangle/RE-commercial-real-estate-content-img-2.jpg]
[www.tdp-arch.com/news-updates/2018-in-review.html]
[media.tdp-arch.com/_rectangle/2018.jpg]
[www.tdp-arch.com/news-updates/tdp-design-times.html]
[media.tdp-arch.com/_rectangle/TDP-Times.png]
[www.tdp-arch.com/news-updates/2019-in-review-1.html]
[media.tdp-arch.com/_rectangle/Untitled-1.jpg]
[www.tdp-arch.com/services/commercial-property-for-sale.html]
[www.tdp-arch.com/services/commercial-development.html]
[www.tdp-arch.com/industries.html]
[media.tdp-arch.com/_rectangle/HOSPITALITY-Content-Img.jpg]
[media.tdp-arch.com/_landscape/The-Workshop-hero-3.png]
[www.tdp-arch.com/news-updates/using-architecture-to-enhance-your-brand.html]
[media.tdp-arch.com/_rectangle/Scrievener-Oil-Exterior.png]
[www.tdp-arch.com/news-updates/fun-mountain-bowling-alley.html]
[media.tdp-arch.com/_rectangle/Fun-Mountain-Bowling-Alley-Blog-Post.png]
[www.tdp-arch.com/news-updates/using-architecture-to-enhance-your-brand-1.html]
[media.tdp-arch.com/_rectangle/Using-Architecture-to-Enhance-Your-Brand-part-1-Hero.png]
[www.tdp-arch.com/industries/hospitality.html]
[media.tdp-arch.com/_rectangle/HEALTHCARE-Content-Img.jpg]
[media.tdp-arch.com/_landscape/06_15_20-Paragon-Fabrication-Cox-001.jpg]
[www.tdp-arch.com/industries/healthcare.html]
[media.tdp-arch.com/_rectangle/EMERGENCY-Content-Img.jpg]
[media.tdp-arch.com/_rectangle/John-cox-air-care.jpg.png]
[media.tdp-arch.com/_landscape/Air-Medical-Group-West-Plains.png]
[www.tdp-arch.com/industries/emergency-services.html]
[media.tdp-arch.com/_rectangle/CORPORATE-content-img.jpg]
[media.tdp-arch.com/_landscape/Scrievener-Oil-Exterior.png]
[www.tdp-arch.com/industries/corporate.html]
[media.tdp-arch.com/_rectangle/INDUSTRIAL-Content-Img.jpg]
[www.tdp-arch.com/industries/industrial.html]
[media.tdp-arch.com/_rectangle/RETAIL-interior-design-firms-content-img.jpg]
[media.tdp-arch.com/_landscape/Fun-Mountian-Ropes-Course.png]
[www.tdp-arch.com/industries/retail-interior-design-firms.html]
[media.tdp-arch.com/_rectangle/GOVERNMENT-Content-Img.jpg]
[media.tdp-arch.com/_landscape/Fire-Station-Main.png]
[www.tdp-arch.com/industries/government.html]
[media.tdp-arch.com/_rectangle/EDUCATION-Content-Img.jpg]
[media.tdp-arch.com/_landscape/Missouri-ST.png]
[www.tdp-arch.com/industries/education.html]
[media.tdp-arch.com/_rectangle/RELIGIOUS-church-design-firm-content-img.jpg]
[media.tdp-arch.com/_landscape/Village-2.png]
[www.tdp-arch.com/industries/church-design-firm.html]
[media.tdp-arch.com/_rectangle/MULTI-FAMILY-Content-Img.jpg]
[media.tdp-arch.com/_landscape/Century-Pines-Church-Infill-Hero-1.png]
[www.tdp-arch.com/industries/multi-family.html]
[media.tdp-arch.com/_rectangle/edited-new.png]
[www.tdp-arch.com/team/john-torgerson.html]
[media.tdp-arch.com/_square/John-Website.png]
[www.tdp-arch.com/team/adam-kreher.html]
[media.tdp-arch.com/_square/Adam-2-2.jpg.png]
[www.tdp-arch.com/team/griffin-bobbett.html]
[media.tdp-arch.com/_square/Griffin5-2-2.jpg.png]
[www.tdp-arch.com/team/gunner.html]
[media.tdp-arch.com/_square/Gunner-BW.png]
[www.tdp-arch.com/team/aaron-king.html]
[media.tdp-arch.com/_square/Aaron-3.jpg.png]
[www.tdp-arch.com/team/jeff.html]
[media.tdp-arch.com/_square/Jeff-3.jpg.png]
[www.tdp-arch.com/team/kyle-rader.html]
[media.tdp-arch.com/_square/kyle-bw2.png]
[www.tdp-arch.com/team/abbye.html]
[media.tdp-arch.com/_square/abbyecropped-3.jpg.png]
[www.tdp-arch.com/team/justin-p.html]
[media.tdp-arch.com/_square/Justin-Website.png]
[www.tdp-arch.com/team/anna.html]
[media.tdp-arch.com/_square/Anna-2-2.jpg.png]
[www.tdp-arch.com/team/cody.html]
[media.tdp-arch.com/_square/Cody-Professional-4.png]
[www.tdp-arch.com/team/ashley.html]
[media.tdp-arch.com/_square/Ashley.png]
[www.tdp-arch.com/team/sara.html]
[media.tdp-arch.com/_square/Sara-2-2-2.jpg.png]
[www.tdp-arch.com/team/lacey.html]
[media.tdp-arch.com/_square/Lacey-2-2.jpg.png]
[www.tdp-arch.com/team/john.html]
[media.tdp-arch.com/_square/Website-pic.png]
[www.tdp-arch.com/team/andrea.html]
[media.tdp-arch.com/_square/Andrea-Reed-4.jpg.png]
[www.tdp-arch.com/team/collin.html]
[media.tdp-arch.com/_square/Collin-2.jpg.png]
[www.tdp-arch.com/team/kaitlyn.html]
[media.tdp-arch.com/_square/Kaitlyn-2.0-3.jpg.png]
[www.tdp-arch.com/team/greg.html]
[media.tdp-arch.com/_square/Greg-bw.png]
[www.tdp-arch.com/team/kate.html]
[media.tdp-arch.com/_square/Kate-3.jpg.png]
[www.tdp-arch.com/team/jordan-ryan.html]
[media.tdp-arch.com/_square/Untitled-1_200721_205156.png]
[www.tdp-arch.com/team/aaron-frigerio.html]
[media.tdp-arch.com/_square/800-x-800.png]
[www.tdp-arch.com/team/mike.html]
[media.tdp-arch.com/_square/Mike-bw.png]
[www.tdp-arch.com/team/cathy-king-1.html]
[media.tdp-arch.com/_square/Cathy.png]
[www.tdp-arch.com/team/nathan.html]
[media.tdp-arch.com/_square/nate-3.jpg.png]
[www.tdp-arch.com/team/stuart.html]
[media.tdp-arch.com/_square/Stuart-4.jpg.png]
[www.tdp-arch.com/team/steve.html]
[media.tdp-arch.com/_square/Untitled-1_200203_153741.png]
[media.tdp-arch.com/_rectangle/ABOUT-Commercial-Design-Group-We-Believe.jpg]
[media.tdp-arch.com/_rectangle/ABOUT-Commercial-Design-Group-Collage-1.jpg]
[media.tdp-arch.com/_square/ABOUT-Commercial-Design-Group-Collage-3.jpg]
[media.tdp-arch.com/_rectangle/Maps-Updated-Red.png]
[www.tdp-arch.com/about.html]
[media.tdp-arch.com/_rectangle/Finley-Farms.png]
[media.tdp-arch.com/_rectangle/Teacher-Welcome.png]
[media.tdp-arch.com/_rectangle/Explore-your-passion.png]
[media.tdp-arch.com/_rectangle/Kate-website.png]
[media.tdp-arch.com/_rectangle/Jeff-Color.png]
[media.tdp-arch.com/_rectangle/John.png]
[www.google.com/recaptcha/api.js]
[www.tdp-arch.com/about/careers.html]
[www.tdp-arch.com/about/contact.html]
[developers.google.com/maps/documentation/javascript/examples/markerclusterer/markerclusterer.js]
[media.tdp-arch.com/_landscape/Fun-Mountain-Bowling-Alley-Blog-Post.png]
[www.tdp-arch.com/about/news-updates/index3411.html]
[www.tdp-arch.com/about/news-updates/index9855.html]
[www.tdp-arch.com/about/news-updates/indexa0c8.html]
[www.tdp-arch.com/about/news-updates4658.html]
[www.tdp-arch.com/about/news-updates.html]
[www.tdp-arch.com/start-your-project.html]
[www.tdp-arch.com/about/news-updates/index605b.html]
[www.tdp-arch.com/about/news-updates/indexdbc6.html]
[media.tdp-arch.com/_landscapeLarge/Mitchums-Cover.png]
[media.tdp-arch.com/_landscapeLarge/MITCHUM-Hero-Banner-2.jpg]
[media.tdp-arch.com/_landscapeLarge/MITCHUM-Hero-Banner-3.jpg]
[media.tdp-arch.com/_rectangle/MITCHUM-Collage-1.jpg]
[media.tdp-arch.com/_square/MITCHUM-Collage-3.jpg]
[media.tdp-arch.com/_rectangle/MITCHUM-Collage-2.jpg]
[media.tdp-arch.com/_feature/mitchums-after.png]
[media.tdp-arch.com/_feature/MITCHUM-Before.png]
[www.tdp-arch.com/portfolio/mitchum-jewelers.html]
[media.tdp-arch.com/_landscapeLarge/Fun-Mountian-Ropes-Course.png]
[media.tdp-arch.com/_landscapeLarge/Fun-Mountain-Bowling-Alley.png]
[media.tdp-arch.com/_landscapeLarge/Fun-Mountian-5.jpg.png]
[media.tdp-arch.com/_rectangle/Fun-MountainExterior-2.jpg]
[media.tdp-arch.com/_square/Fun-Mountain.jpg]
[media.tdp-arch.com/_rectangle/298A2982.jpg]
[www.tdp-arch.com/portfolio/fun-mountain.html]
[media.tdp-arch.com/_landscapeLarge/The-Workshop-hero-3.png]
[media.tdp-arch.com/_landscapeLarge/The-Workshop-hero-4.png]
[media.tdp-arch.com/_landscapeLarge/The-Workshop-hero-2.png]
[media.tdp-arch.com/_rectangle/3-2.jpg]
[media.tdp-arch.com/_square/5.png]
[media.tdp-arch.com/_rectangle/6.png]
[media.tdp-arch.com/_feature/The-Workshop-After.png]
[media.tdp-arch.com/_feature/The-Workshop-before.png]
[www.tdp-arch.com/portfolio/the-workshop-at-finley-farms.html]
[media.tdp-arch.com/_landscapeLarge/Truman-House-2.jpg]
[media.tdp-arch.com/_landscapeLarge/Truman-Exterior-3.png]
[media.tdp-arch.com/_landscapeLarge/Truman-website.png]
[media.tdp-arch.com/_rectangle/298A3119.jpg]
[media.tdp-arch.com/_square/298A3131.jpg]
[media.tdp-arch.com/_rectangle/Truman-House-Interior.jpg]
[www.tdp-arch.com/portfolio/the-truman-house.html]
[media.tdp-arch.com/_landscapeLarge/Andys-Rogers-AR-Hero-1.png]
[media.tdp-arch.com/_rectangle/298A8064.jpg]
[media.tdp-arch.com/_square/298A8084.jpg]
[media.tdp-arch.com/_rectangle/298A8090.jpg]
[www.tdp-arch.com/portfolio/andys-frozen-custard.html]
[media.tdp-arch.com/_landscapeLarge/Fire-Station-Main.png]
[media.tdp-arch.com/_landscapeLarge/Fire-station-main-2.png]
[media.tdp-arch.com/_landscapeLarge/fire-station-3.png]
[media.tdp-arch.com/_rectangle/MicrosoftTeams-image-3.jpg]
[media.tdp-arch.com/_square/MicrosoftTeams-image-4.jpg]
[media.tdp-arch.com/_rectangle/IMG_7443-2.jpg]
[scontent-iad3-1.xx.fbcdn.net/v/t15.13418-10/p206x206/72362682_949073348795509_5391994598727876608_nb751.jpg]
[media.tdp-arch.com/_feature/Fire-station-after.png]
[media.tdp-arch.com/_feature/Fire-Station-before.png]
[www.tdp-arch.com/portfolio/fire-station.html]
[media.tdp-arch.com/_landscapeLarge/06_15_20-Paragon-Fabrication-Cox-001.jpg]
[media.tdp-arch.com/_landscapeLarge/07_05_20-ParagonFabrication-Cox-005.jpg]
[media.tdp-arch.com/_landscapeLarge/07_05_20-ParagonFabrication-Cox-013.jpg]
[media.tdp-arch.com/_landscapeLarge/06_15_20-Paragon-Fabrication-Cox-018-2.jpg]
[media.tdp-arch.com/_landscapeLarge/06_15_20-Paragon-Fabrication-Cox-014.jpg]
[media.tdp-arch.com/_landscapeLarge/06_15_20-Paragon-Fabrication-Cox-021.jpg]
[media.tdp-arch.com/_landscapeLarge/07_05_20-ParagonFabrication-Cox-014.jpg]
[media.tdp-arch.com/_rectangle/07_05_20-ParagonFabrication-Cox-006.jpg]
[media.tdp-arch.com/_square/06_15_20-Paragon-Fabrication-Cox-022.jpg]
[media.tdp-arch.com/_rectangle/06_15_20-Paragon-Fabrication-Cox-013_200722_185154.jpg]
[media.tdp-arch.com/_feature/website.png]
[media.tdp-arch.com/_feature/Coxhealth-Before.png]
[www.tdp-arch.com/portfolio/coxhealth-montclair.html]
[media.tdp-arch.com/_landscapeLarge/Missouri-ST.png]
[media.tdp-arch.com/_rectangle/Missouri-ST-2.png]
[media.tdp-arch.com/_square/Missouri-ST-Clover.png]
[media.tdp-arch.com/_rectangle/Missouri-ST-3.png]
[media.tdp-arch.com/_feature/Missouri-ST-After.jpg.png]
[media.tdp-arch.com/_feature/Missouri-ST-before.jpg.png]
[www.tdp-arch.com/portfolio/missouri-s-t.html]
[media.tdp-arch.com/_landscapeLarge/Scrievener-Oil-Exterior.png]
[media.tdp-arch.com/_rectangle/298A1080.jpg]
[media.tdp-arch.com/_square/298A0329.jpg]
[media.tdp-arch.com/_rectangle/298A1065.jpg]
[media.tdp-arch.com/_feature/scrivener-after.png]
[media.tdp-arch.com/_feature/Scrivener-before.png]
[www.tdp-arch.com/portfolio/scrivener-oil.html]
[media.tdp-arch.com/_landscapeLarge/Oreilly_200116_191336.png]
[media.tdp-arch.com/_rectangle/Projects-OReilly-Auto-Parts-Venice-3_2015-800x598_200116_191715.jpg]
[media.tdp-arch.com/_square/O_Reilly_200116_191415.jpg]
[media.tdp-arch.com/_rectangle/OR1-2_200116_191408.jpg]
[www.tdp-arch.com/portfolio/oreilly-auto-parts.html]
[media.tdp-arch.com/_landscapeLarge/DG-2.jpg]
[media.tdp-arch.com/_rectangle/DGeneral-1200x674.jpg]
[media.tdp-arch.com/_square/image.jpg]
[media.tdp-arch.com/_rectangle/Dollar-General-rendering.jpg]
[www.tdp-arch.com/portfolio/dollar-general.html]
[media.tdp-arch.com/_landscapeLarge/Air-Medical-Group-West-Plains.png]
[media.tdp-arch.com/_landscapeLarge/AMGH-Exterior.png]
[media.tdp-arch.com/_landscapeLarge/Air-Medical-Group-Interior.png]
[media.tdp-arch.com/_rectangle/298A0579.jpg]
[media.tdp-arch.com/_square/Air-Medical-Helidpad-West-Plains.png]
[media.tdp-arch.com/_rectangle/AMGH-Exterior-2.jpg]
[www.tdp-arch.com/portfolio/amgh-headquarters.html]
[media.tdp-arch.com/_landscapeLarge/Village-2.png]
[media.tdp-arch.com/_landscapeLarge/Village-image-2.png]
[media.tdp-arch.com/_landscapeLarge/Village-image-3.png]
[media.tdp-arch.com/_rectangle/11_10_18-Paragon360-NC-Village-038.jpg]
[media.tdp-arch.com/_square/11_10_18-Paragon360-NC-Village-107.jpg.png]
[media.tdp-arch.com/_rectangle/Village-3.png]
[media.tdp-arch.com/_feature/Village-After.png]
[media.tdp-arch.com/_feature/Village-Before.jpg.png]
[www.tdp-arch.com/team/donnie-brawner.html]
[media.tdp-arch.com/_square/Donnie.png]
[www.tdp-arch.com/portfolio/the-village-baptist-church.html]
[media.tdp-arch.com/_landscapeLarge/Farmers-Bank.png]
[media.tdp-arch.com/_landscapeLarge/Exterior-3.jpg.png]
[media.tdp-arch.com/_rectangle/Exterior-2.jpg]
[media.tdp-arch.com/_square/2-Interior.jpg]
[media.tdp-arch.com/_rectangle/1-Interior.jpg]
[www.tdp-arch.com/portfolio/farmers-bank.html]
[media.tdp-arch.com/_landscapeLarge/Buffalo-Ridge-hero-1.png]
[media.tdp-arch.com/_landscapeLarge/Buffalo-Ridge-Hero-3.png]
[media.tdp-arch.com/_landscapeLarge/Buffalo-Ridge-hero-2.png]
[media.tdp-arch.com/_rectangle/298A3340.jpg]
[media.tdp-arch.com/_square/298A3280.jpg]
[media.tdp-arch.com/_rectangle/298A3242.jpg]
[www.tdp-arch.com/portfolio/buffalo-ridge.html]
[media.tdp-arch.com/_landscapeLarge/Ozark-Family-Clinic-Hero-1.png]
[media.tdp-arch.com/_rectangle/Ozark-Family-Clinic-3.jpg]
[media.tdp-arch.com/_square/MG_6715.jpg]
[media.tdp-arch.com/_rectangle/Ozark-Family-Clinic-5.jpg]
[www.tdp-arch.com/portfolio/ozark-family-clinic.html]
[media.tdp-arch.com/_landscapeLarge/Springfield-Family-Vision-Hero-1.png]
[media.tdp-arch.com/_rectangle/DSC_0130.jpg]
[media.tdp-arch.com/_square/DSC_0115.jpg]
[media.tdp-arch.com/_feature/Springfield-Family-Vision-After.png]
[media.tdp-arch.com/_feature/Springfield-Family-Vision-before.png]
[www.tdp-arch.com/portfolio/springfield-family-vision.html]
[media.tdp-arch.com/_landscapeLarge/Century-Pines-Church-Infill-Hero-1.png]
[media.tdp-arch.com/_landscapeLarge/Century-Pines-church-infill-Hero-2.png]
[media.tdp-arch.com/_rectangle/IMG_5344-2.jpg]
[media.tdp-arch.com/_square/IMG_5340-2.jpg]
[media.tdp-arch.com/_rectangle/IMG_5349-2.jpg]
[media.tdp-arch.com/_feature/Century-pines-church-infill-after.png]
[media.tdp-arch.com/_feature/Century-Pines-Church-Infill-before.png]
[www.tdp-arch.com/portfolio/century-pines-church-infill.html]
[media.tdp-arch.com/_landscapeLarge/Muscle-Maker-Grill-Hero-1.png]
[media.tdp-arch.com/_landscapeLarge/Muscle-Maker-Grill-Hero-2.png]
[media.tdp-arch.com/_landscapeLarge/Muscle-Maker-Grill-Hero-3.png]
[media.tdp-arch.com/_rectangle/MG_7078.jpg]
[media.tdp-arch.com/_square/MG_7085.jpg]
[media.tdp-arch.com/_rectangle/MG_7095.jpg]
[www.tdp-arch.com/portfolio/muscle-maker-grill.html]
[media.tdp-arch.com/_landscapeLarge/Signal-SC-Hero-1.png]
[media.tdp-arch.com/_rectangle/Signal-SC-Hero-3.png]
[media.tdp-arch.com/_square/Signal-SC-Hero-1.png]
[media.tdp-arch.com/_rectangle/Signal-SC-hero-2.png]
[www.tdp-arch.com/portfolio/signal.html]
[media.tdp-arch.com/_landscapeLarge/Muskogee-3.jpg]
[media.tdp-arch.com/_landscapeLarge/muskogee-2.jpg]
[media.tdp-arch.com/_landscapeLarge/muskogee-1.jpg]
[media.tdp-arch.com/_rectangle/01_09_19-P360-FBCMuskogee-049.jpg]
[media.tdp-arch.com/_square/01_09_19-P360-FBCMuskogee-010small.jpg]
[media.tdp-arch.com/_rectangle/01_09_19-P360-FBCMuskogee-048.jpg]
[media.tdp-arch.com/_feature/Muskogee-After.jpg]
[media.tdp-arch.com/_feature/Muskogee-before.png]
[www.tdp-arch.com/portfolio/1st-baptist-church.html]
[media.tdp-arch.com/_landscapeLarge/Main-Photo_201030_184651.png]
[media.tdp-arch.com/_rectangle/Trunk-or-treat.png]
[media.tdp-arch.com/_rectangle/Holiday-Extravaganza.png]
[media.tdp-arch.com/_rectangle/Barn-dance.png]
[media.tdp-arch.com/_rectangle/MOJO.png]
[media.tdp-arch.com/_rectangle/Haunted.png]
[www.tdp-arch.com/news-updates/9-25-1.html]
[media.tdp-arch.com/_landscapeLarge/main.png]
[media.tdp-arch.com/_rectangle/Field-of-Scream-Nixa.png]
[media.tdp-arch.com/_rectangle/Black-Walnut.png]
[media.tdp-arch.com/_rectangle/Stone-Valley.png]
[media.tdp-arch.com/_rectangle/Willow-Green-Acres.png]
[media.tdp-arch.com/_rectangle/Field-of-Screams.png]
[www.tdp-arch.com/news-updates/9-25.html]
[media.tdp-arch.com/_landscapeLarge/bettle.png]
[media.tdp-arch.com/_rectangle/Book-store-closing.png]
[media.tdp-arch.com/_rectangle/Springfield-Farmers-Market.png]
[media.tdp-arch.com/_rectangle/Beer-and-pineapple-whip.png]
[media.tdp-arch.com/_rectangle/VW.png]
[media.tdp-arch.com/_rectangle/plants.png]
[www.tdp-arch.com/news-updates/8-28.html]
[media.tdp-arch.com/_landscapeLarge/group-of-diversity-people-volunteen-arm-around-UDHZGYT-2.jpg]
[media.tdp-arch.com/_rectangle/womens-build.png]
[media.tdp-arch.com/_rectangle/biz-417.png]
[media.tdp-arch.com/_rectangle/Elephant.png]
[media.tdp-arch.com/_rectangle/Mimosas.jpg]
[media.tdp-arch.com/_rectangle/Rugs.png]
[www.tdp-arch.com/news-updates/7-31-1.html]
[www.tdp-arch.com/humansf250.txt]
[media.tdp-arch.com/_landscapeLarge/music.jpg]
[media.tdp-arch.com/_rectangle/Monster-Truck.png]
[media.tdp-arch.com/_rectangle/Millsap-farms.png]
[media.tdp-arch.com/_rectangle/Riley-Green.png]
[media.tdp-arch.com/_rectangle/Cornhole_200731_173842.png]
[media.tdp-arch.com/_rectangle/Zac-Willams.png]
[www.tdp-arch.com/news-updates/7-31.html]
[media.tdp-arch.com/_landscapeLarge/Joy.jpg]
[media.tdp-arch.com/_rectangle/Pro-Rodeo.png]
[media.tdp-arch.com/_rectangle/Midnight-Madness.png]
[media.tdp-arch.com/_rectangle/Lecrae.png]
[media.tdp-arch.com/_rectangle/Raptor-RUn.png]
[media.tdp-arch.com/_rectangle/Price-Cutter-Championship.png]
[www.tdp-arch.com/news-updates/7-24.html]
[media.tdp-arch.com/_landscapeLarge/Untitled-3_200717_151208.png]
[media.tdp-arch.com/_rectangle/Beer-garage-sale.png]
[media.tdp-arch.com/_rectangle/Painting_200717_144821.png]
[media.tdp-arch.com/_rectangle/Flaot.png]
[media.tdp-arch.com/_rectangle/Movie-in-the-park.png]
[media.tdp-arch.com/_rectangle/Sun-flowers.png]
[www.tdp-arch.com/news-updates/7-17.html]
[media.tdp-arch.com/_landscapeLarge/Main_200710_141926.jpg]
[media.tdp-arch.com/_rectangle/Coral-Reed.png]
[media.tdp-arch.com/_rectangle/Hoot.png]
[media.tdp-arch.com/_rectangle/Classic-Rock-Coffee.png]
[media.tdp-arch.com/_rectangle/Date-Night-wheel-Throwing.png]
[media.tdp-arch.com/_rectangle/Rockaway.png]
[www.tdp-arch.com/news-updates/7-10.html]
[media.tdp-arch.com/_landscapeLarge/Main.jpg]
[media.tdp-arch.com/_rectangle/Landing-Fireworks.png]
[media.tdp-arch.com/_rectangle/Kimberling-City.png]
[media.tdp-arch.com/_rectangle/SUP.png]
[media.tdp-arch.com/_rectangle/Robert-Madu.png]
[www.tdp-arch.com/news-updates/6-26-1.html]
[media.tdp-arch.com/_landscapeLarge/Untitled-2.jpg]
[media.tdp-arch.com/_rectangle/Neon-run.png]
[media.tdp-arch.com/_rectangle/Float-trip.png]
[media.tdp-arch.com/_rectangle/golf.png]
[media.tdp-arch.com/_rectangle/horseback-riding.png]
[media.tdp-arch.com/_rectangle/karaoke.png]
[www.tdp-arch.com/news-updates/6-26.html]
[media.tdp-arch.com/_landscapeLarge/Main-photo.jpeg.jpg]
[media.tdp-arch.com/_rectangle/preibe.png]
[media.tdp-arch.com/_rectangle/Little-Beaus.png]
[media.tdp-arch.com/_rectangle/Movie-in-the-Parks.png]
[media.tdp-arch.com/_rectangle/zoo.png]
[media.tdp-arch.com/_rectangle/Escap.png]
[www.tdp-arch.com/news-updates/6-19-20.html]
[media.tdp-arch.com/_landscapeLarge/main-pohoto.png]
[media.tdp-arch.com/_rectangle/Rutledge-fishing.png]
[media.tdp-arch.com/_rectangle/Mini-Family-Sessions.png]
[media.tdp-arch.com/_rectangle/Best-of-Luck-Beer-Hall.png]
[media.tdp-arch.com/_rectangle/Botanical-gardens.png]
[media.tdp-arch.com/_rectangle/potters-wheel.png]
[www.tdp-arch.com/news-updates/6-12.html]
[media.tdp-arch.com/_landscapeLarge/mian.jpg]
[media.tdp-arch.com/_rectangle/CARS.png]
[media.tdp-arch.com/_rectangle/Mothers.png]
[media.tdp-arch.com/_rectangle/Kids-Planting.png]
[media.tdp-arch.com/_rectangle/Hillbilly-Speedway.png]
[media.tdp-arch.com/_rectangle/Ozark-Farmers-Market.png]
[www.tdp-arch.com/news-updates/6-5.html]
[media.tdp-arch.com/_landscapeLarge/lake.png]
[media.tdp-arch.com/_rectangle/Rock-the-dock.png]
[media.tdp-arch.com/_rectangle/Paddle-Board.png]
[media.tdp-arch.com/_rectangle/Pie.png]
[media.tdp-arch.com/_rectangle/Denzil.png]
[media.tdp-arch.com/_rectangle/Clever.png]
[www.tdp-arch.com/news-updates/5-29.html]
[media.tdp-arch.com/_landscapeLarge/america.png]
[media.tdp-arch.com/_rectangle/Cornhole.png]
[media.tdp-arch.com/_rectangle/pie-and-flowers.png]
[media.tdp-arch.com/_rectangle/memorial-day-hike.png]
[media.tdp-arch.com/_rectangle/Chateau-on-the-Lake.png]
[media.tdp-arch.com/_rectangle/Finley-brunch.png]
[www.tdp-arch.com/news-updates/5-22.html]
[media.tdp-arch.com/_rectangle/Outdoor-patio.png]
[media.tdp-arch.com/_rectangle/tacos-and-paddle-board.png]
[media.tdp-arch.com/_rectangle/bikes.png]
[media.tdp-arch.com/_rectangle/wreath.png]
[media.tdp-arch.com/_rectangle/painting.png]
[www.tdp-arch.com/news-updates/5-15.html]
[media.tdp-arch.com/_landscapeLarge/Main-Photo_200507_194503.png]
[media.tdp-arch.com/_rectangle/Farmers-Market.png]
[media.tdp-arch.com/_rectangle/Vineyard-Market.png]
[media.tdp-arch.com/_rectangle/Fair-Food.png]
[media.tdp-arch.com/_rectangle/Best-of-Luck-Beer-Hall-Take-over.png]
[media.tdp-arch.com/_rectangle/Monroe-House-Market.png]
[www.tdp-arch.com/news-updates/5-8.html]
[media.tdp-arch.com/_landscapeLarge/Cover-Photo.jpg]
[media.tdp-arch.com/_rectangle/Drag-bingo.png]
[media.tdp-arch.com/_rectangle/Dublins-Pass.png]
[media.tdp-arch.com/_rectangle/The-Shandies.png]
[media.tdp-arch.com/_rectangle/Bowling.png]
[media.tdp-arch.com/_rectangle/Sunshine.png]
[www.tdp-arch.com/news-updates/3-13.html]
[media.tdp-arch.com/_landscapeLarge/Vegetables.png]
[media.tdp-arch.com/_rectangle/succulent.png]
[media.tdp-arch.com/_rectangle/Veggies.png]
[media.tdp-arch.com/_rectangle/Nest.png]
[media.tdp-arch.com/_rectangle/Pancakes.png]
[media.tdp-arch.com/_rectangle/yoga_200305_225929.png]
[www.tdp-arch.com/news-updates/3-6.html]
[media.tdp-arch.com/_landscapeLarge/Books-Cover-1.png]
[media.tdp-arch.com/_rectangle/Bull-riding.png]
[media.tdp-arch.com/_rectangle/Winter-Jam.png]
[media.tdp-arch.com/_rectangle/Word-on-the-street-books.png]
[media.tdp-arch.com/_rectangle/Create-Take.png]
[media.tdp-arch.com/_rectangle/Mother-and-son.png]
[www.tdp-arch.com/news-updates/2-28-20.html]
[www.tdp-arch.com/img/logo-inverse.svg]
[media.tdp-arch.com/_rectangle/TDP-Paragon-360-3-2.jpg]
[media.tdp-arch.com/_rectangle/TDP-Paragon-360.png]
[media.tdp-arch.com/_rectangle/TDP-Paragon-360-1.png]
[media.tdp-arch.com/_rectangle/TDP-Paragon-360-2.png]
[media.tdp-arch.com/_rectangle/Village-2.png]
[www.tdp-arch.com/our-partners.html]
[www.tdp-arch.com/privacy-policy.html]
[www.tdp-arch.com/terms-of-use.html]
[www.tdp-arch.com/img/loading.svg]
[www.tdp-arch.com/fonts/fa-brands-400402f.html]
[www.tdp-arch.com/fonts/fa-brands-400aad4.svg]
[www.tdp-arch.com/fonts/fa-light-3002071.html]
[www.tdp-arch.com/fonts/fa-light-300563d.svg]
[www.tdp-arch.com/fonts/fa-regular-400c328.html]
[www.tdp-arch.com/fonts/fa-regular-4004752.svg]
[www.tdp-arch.com/fonts/fa-solid-900c227.html]
[www.tdp-arch.com/fonts/fa-solid-900bde5.svg]
[p.typekit.net/p11bb.css]
[www.tdp-arch.com/portfolio/indexf385.html]
[www.tdp-arch.com/portfolio/indexec07.html]
[www.tdp-arch.com/portfolio/index9b47.html]
[www.tdp-arch.com/portfolio/index1079.html]
[www.tdp-arch.com/portfolio/indexa24b.html]
[www.tdp-arch.com/portfolio/indexedc6.html]
[www.tdp-arch.com/portfolio/index1a6c.html]
[www.tdp-arch.com/portfolio/indexeb85.html]
[www.tdp-arch.com/portfolio/indexd8b3.html]
[www.tdp-arch.com/portfolio/index403c.html]
[www.tdp-arch.com/portfolio/farmers-bank-1.html]
[www.tdp-arch.com/portfolio/index5133.html]
[www.tdp-arch.com/portfolio/indexb2ef.html]
[media.tdp-arch.com/_square/Thumbnail_200323_193401.png]
[www.tdp-arch.com/portfolio/index7dcd.html]
[www.tdp-arch.com/portfolio/index55b9.html]
[www.tdp-arch.com/portfolio/index47f9.html]
[www.tdp-arch.com/portfolio/index0949.html]
[www.tdp-arch.com/portfolio3ca6.html]
[www.tdp-arch.com/portfolio/index1577.html]
[www.tdp-arch.com/portfolio/index966f.html]
[www.tdp-arch.com/portfolio/indexd3cb.html]
[www.tdp-arch.com/portfolio/indexf486.html]
[www.tdp-arch.com/portfolio/index3053.html]
[www.tdp-arch.com/portfolio/indexb79d.html]
[www.tdp-arch.com/portfolio/indexf20b.html]
[www.tdp-arch.com/portfolio/indexcda3.html]
[www.tdp-arch.com/portfolio/indexffbe.html]
[www.tdp-arch.com/portfolio/roots.html]
[www.tdp-arch.com/portfolio/index4d96.html]
[media.tdp-arch.com/_square/Thumbnail_200601_214509.png]
[www.tdp-arch.com/portfolio/indexcf18.html]
[www.tdp-arch.com/portfolio/index5d52.html]
[www.tdp-arch.com/portfolio/index3d48.html]
[www.tdp-arch.com/portfolio/index4eb9.html]
[www.tdp-arch.com/portfolio/indexe6fe.html]
[www.tdp-arch.com/portfolio/indexcefb.html]
[www.tdp-arch.com/portfolio/indexac85.html]
[media.tdp-arch.com/_landscapeLarge/Entry-2-2.jpg.png]
[media.tdp-arch.com/_landscapeLarge/Untitled-1_200323_190643.png]
[media.tdp-arch.com/_landscapeLarge/Untitled-2_200323_190647.png]
[media.tdp-arch.com/_rectangle/Market-2-2.jpg]
[media.tdp-arch.com/_square/Feature-Column-2.jpg]
[media.tdp-arch.com/_rectangle/P.O.S.-1-2.jpg]
[www.tdp-arch.com/portfolio/mizzou.html]
[www.tdp-arch.com/portfolio9ba9.html]
[www.tdp-arch.com/portfolio4658.html]
[media.tdp-arch.com/_landscapeLarge/Hiring-an-architect-blog-hero.png]
[www.tdp-arch.com/news-updates/8-ways-to-get-involved-in-your-community.html]
[media.tdp-arch.com/_rectangle/8-ways-to-get-invoved-in-your-community-hero.png]
[www.tdp-arch.com/news-updates/how-to-win-your-interview.html]
[media.tdp-arch.com/_rectangle/How-to-win-an-interview-blog-hero.png]
[www.tdp-arch.com/news-updates/10-places-to-enjoy-the-outdoors-in-missouri.html]
[media.tdp-arch.com/_rectangle/10-Outdoor-activities-blog-hero-1.png]
[www.tdp-arch.com/news-updates/landscaping-for-beginners.html]
[media.tdp-arch.com/_rectangle/landscaping-blog_191218_150139.png]
[www.tdp-arch.com/news-updates/hiring-an-architect-all-your-myths-busted.html]
[media.tdp-arch.com/_landscapeLarge/What-sets-TDP-Apart-blog-hero.png]
[media.tdp-arch.com/_rectangle/Area-of-Operations.png]
[media.tdp-arch.com/_rectangle/What-sets-TDP-Apart-blog-content.png]
[media.tdp-arch.com/_rectangle/What-sets-TDP-Apart-blog-content-1.png]
[www.tdp-arch.com/news-updates/what-sets-torgerson-design-partners-apart.html]
[media.tdp-arch.com/_landscapeLarge/Architect-or-Engineer-Blog-Hero.png]
[media.tdp-arch.com/_rectangle/Architect-or-Engineer-Blog-content-1.png]
[media.tdp-arch.com/_rectangle/Architect-or-Engineer-Blog-content-2.png]
[media.tdp-arch.com/_rectangle/Architect-or-Engineer-Blog-content-3.png]
[media.tdp-arch.com/_rectangle/Architect-or-Engineer-Blog-content-4.png]
[media.tdp-arch.com/_rectangle/Architect-or-Engineer-Blog-highlight-1.png]
[media.tdp-arch.com/_rectangle/Architect-or-Engineer-Blog-highlight-2.png]
[media.tdp-arch.com/_rectangle/Architect-or-Engineer-Blog-highlight-3.png]
[www.tdp-arch.com/news-updates/architect-or-engineer.html]
[www.tdp-arch.com/services/commercial-property-management-firms.html]
[media.tdp-arch.com/_landscapeLarge/2018.jpg]
[media.tdp-arch.com/_rectangle/Lacey.png]
[media.tdp-arch.com/_rectangle/Mitchel-Website.png]
[media.tdp-arch.com/Birds-Eye-View-2.jpg]
[media.tdp-arch.com/AndysNIGHT-1280x853.jpg]
[media.tdp-arch.com/coke-1280x853.jpg]
[media.tdp-arch.com/Mitchum-Jewelers-Exterior-1.jpg]
[media.tdp-arch.com/Village.png]
[media.tdp-arch.com/final-new-2-768x432.jpg]
[media.tdp-arch.com/paintingwithatwist-1-600x450.png]
[www.tdp-arch.com/news-updates/2018-in-review.html]
[media.tdp-arch.com/_landscapeLarge/TDP-Times.png]
[www.tdp-arch.com/news-updates/tdp-design-times.html]
[media.tdp-arch.com/_landscapeLarge/Untitled-1.jpg]
[media.tdp-arch.com/_rectangle/2019-in-review.png]
[media.tdp-arch.com/_rectangle/2019-In-review_200203_160803.png]
[media.tdp-arch.com/_rectangle/2019-in-reivew.png]
[media.tdp-arch.com/_rectangle/2019-in-review_200203_155844.png]
[media.tdp-arch.com/_rectangle/2019-in-review_200203_155914.png]
[media.tdp-arch.com/_rectangle/2019-in-review_200203_155931.png]
[media.tdp-arch.com/_rectangle/2019-in-review_200203_160010.png]
[media.tdp-arch.com/_rectangle/2019-in-reivew_200203_160037.png]
[media.tdp-arch.com/_rectangle/2019-in-review_200203_160119.png]
[media.tdp-arch.com/_rectangle/2019-in-review_200203_160208.png]
[media.tdp-arch.com/_rectangle/2019-in-review_200203_161519.png]
[media.tdp-arch.com/DEVELOPMENT-Commercial-Building-Developers-Hero-Banner.png]
[media.tdp-arch.com/Real-Estate-Slider.png]
[media.tdp-arch.com/TDP_Logo_Vertical.png]
[media.tdp-arch.com/_rectangle/Map.png]
[media.tdp-arch.com/_rectangle/Workshop-Exterior_200203_183358.jpg]
[media.tdp-arch.com/_square/Workshop-Interior-1_200203_183510.jpg]
[media.tdp-arch.com/_rectangle/3-2_200203_183527.jpg]
[media.tdp-arch.com/_rectangle/PRESCHOOL-1_small.jpg]
[media.tdp-arch.com/_square/KIDS-WORSHIP-2_small.jpg]
[media.tdp-arch.com/_rectangle/SENIOR-ENTRY-2.jpg]
[media.tdp-arch.com/_rectangle/EXTERIOR-test.png]
[media.tdp-arch.com/_square/IMG_0815.jpg]
[media.tdp-arch.com/_rectangle/IMG_0820.jpg]
[media.tdp-arch.com/_rectangle/1-Main-Entry-1.jpg]
[media.tdp-arch.com/_square/2-Main-Entry-2.jpg]
[media.tdp-arch.com/_rectangle/6-Main-Nurses-Station_200203_184359.jpg]
[media.tdp-arch.com/_rectangle/Market-2.jpg]
[media.tdp-arch.com/_square/Market-1.jpg]
[media.tdp-arch.com/_rectangle/Entry-2.jpg]
[media.tdp-arch.com/_square/30.jpg]
[media.tdp-arch.com/_square/IMG_4170.jpg]
[media.tdp-arch.com/_square/Group-Photo-768x1024.png]
[media.tdp-arch.com/_square/Photo-15-3.jpg]
[media.tdp-arch.com/_square/office-event-10-768x1024.jpg]
[media.tdp-arch.com/_square/Springfield-Cardinals-4-1024x768.jpg]
[media.tdp-arch.com/_square/Women-of-TDP-1024x768.jpg]
[media.tdp-arch.com/_square/IMG_7309-2.jpg]
[media.tdp-arch.com/_square/IMG_7396.jpg]
[media.tdp-arch.com/_square/IMG_3096.jpg]
[media.tdp-arch.com/_square/P1010968.jpg]
[media.tdp-arch.com/_square/TDP-Guys-768x1024.png]
[media.tdp-arch.com/_rectangle/Untitled-2_200203_185458.png]
[media.tdp-arch.com/_rectangle/3_200203_185557.png]
[media.tdp-arch.com/_rectangle/5_200203_185609.png]
[media.tdp-arch.com/_rectangle/4.png]
[www.tdp-arch.com/news-updates/2019-in-review-1.html]
[media.tdp-arch.com/_rectangle/Scrivener-blog-highlight-1.png]
[media.tdp-arch.com/_rectangle/Scrivener-blog-highlight-2.png]
[media.tdp-arch.com/_rectangle/Scrivener-blog-highlight-3.png]
[media.tdp-arch.com/_rectangle/Scrivener-blog-highlight-4.png]
[www.tdp-arch.com/news-updates/using-architecture-to-enhance-your-brand.html]
[media.tdp-arch.com/_landscapeLarge/Fun-Mountain-Bowling-Alley-Blog-Post.png]
[media.tdp-arch.com/_rectangle/Fun-Mountain-Bowling-Alley-Blog-Post-1_191218_165346.png]
[media.tdp-arch.com/_square/Fun-Mountain-Bowling-Alley-Blog-Post-2_191218_165239.png]
[media.tdp-arch.com/_rectangle/Fun-Mountain-Bowling-Alley-Blog-Post-3.png]
[media.tdp-arch.com/_rectangle/Fun-Mountain-Bowling-Alley-Blog-Post-4.png]
[media.tdp-arch.com/_rectangle/Fun-Mountain-Exterior-2_191218_171120.jpg]
[media.tdp-arch.com/_square/Fun-Mountain_191218_171137.jpg]
[media.tdp-arch.com/_rectangle/big-cedar-lodge-fun-mountain-special-event-birthday-party-landscape_191218_171110.jpg]
[www.tdp-arch.com/news-updates/fun-mountain-bowling-alley.html]
[media.tdp-arch.com/_landscapeLarge/Using-Architecture-to-Enhance-Your-Brand-part-1-Hero.png]
[media.tdp-arch.com/_rectangle/Using-Architecture-to-Enhance-Your-Brand-content-1-Hero.png]
[media.tdp-arch.com/_rectangle/Using-Architecture-to-Enhance-Your-Brand-content-2.png]
[media.tdp-arch.com/_rectangle/Using-Architecture-to-Enhance-Your-Brand-content-3.png]
[media.tdp-arch.com/_rectangle/Using-Architecture-to-Enhance-Your-Brand-content-4.png]
[media.tdp-arch.com/_rectangle/Using-Architecture-to-Enhance-Your-Brand-content-5.png]
[media.tdp-arch.com/_rectangle/Using-Architecture-to-Enhance-Your-Brand-content-6.png]
[media.tdp-arch.com/_rectangle/Using-Architecture-to-Enhance-Your-Brand-content-7.png]
[www.tdp-arch.com/news-updates/using-architecture-to-enhance-your-brand-1.html]
[media.tdp-arch.com/_landscape/John-personal.png]
[www.tdp-arch.com/team/john-torgerson.html]
[media.tdp-arch.com/_landscape/Adam-personal.png]
[www.tdp-arch.com/team/adam-kreher.html]
[media.tdp-arch.com/_landscape/Griffin-Website.png]
[www.tdp-arch.com/team/griffin-bobbett.html]
[media.tdp-arch.com/_landscape/Gunner-2.jpg.png]
[media.tdp-arch.com/Gunner-6.jpg]
[www.tdp-arch.com/team/gunner.html]
[media.tdp-arch.com/_landscape/Aaron-personal.png]
[www.tdp-arch.com/team/aaron-king.html]
[media.tdp-arch.com/_landscape/Jeff-website.png]
[www.tdp-arch.com/team/jeff.html]
[media.tdp-arch.com/_landscape/Kyle-Web-site.png]
[www.tdp-arch.com/team/kyle-rader.html]
[media.tdp-arch.com/_landscape/Abbye-Personal-2.png]
[www.tdp-arch.com/team/abbye.html]
[media.tdp-arch.com/_landscape/Just-webiste.png]
[www.tdp-arch.com/team/justin-p.html]
[media.tdp-arch.com/_landscape/Anna-website.png]
[www.tdp-arch.com/team/anna.html]
[media.tdp-arch.com/_landscape/Cody-Website.png]
[www.tdp-arch.com/team/cody.html]
[media.tdp-arch.com/_landscape/Ashley-Website_191209_193001.png]
[www.tdp-arch.com/team/ashley.html]
[media.tdp-arch.com/_landscape/sara-website_191209_192447.png]
[www.tdp-arch.com/team/sara.html]
[media.tdp-arch.com/_landscape/Lacey-1.png]
[www.tdp-arch.com/team/lacey.html]
[media.tdp-arch.com/_landscape/Website-pic-2.png]
[www.tdp-arch.com/team/john.html]
[media.tdp-arch.com/_landscape/Andrea-Personal.png]
[www.tdp-arch.com/team/andrea.html]
[media.tdp-arch.com/_landscape/Collin-website.png]
[www.tdp-arch.com/team/collin.html]
[media.tdp-arch.com/_landscape/3-cropped-edit-copy.jpg]
[www.tdp-arch.com/team/kaitlyn.html]
[media.tdp-arch.com/_landscape/Greg.png]
[www.tdp-arch.com/team/greg.html]
[media.tdp-arch.com/_landscape/4-cropped.png]
[www.tdp-arch.com/team/kate.html]
[media.tdp-arch.com/_landscape/Untitled-6.png]
[www.tdp-arch.com/team/jordan-ryan.html]
[media.tdp-arch.com/_landscape/800-x-600.png]
[www.tdp-arch.com/team/aaron-frigerio.html]
[media.tdp-arch.com/_landscape/Mike-website.png]
[www.tdp-arch.com/team/mike.html]
[media.tdp-arch.com/_landscape/2-cropped.png]
[www.tdp-arch.com/team/cathy-king-1.html]
[media.tdp-arch.com/_landscape/Personal-3.png]
[www.tdp-arch.com/team/nathan.html]
[media.tdp-arch.com/_landscape/Stuart.png]
[www.tdp-arch.com/team/stuart.html]
[media.tdp-arch.com/_landscape/steve-2.png]
[www.tdp-arch.com/team/steve.html]
[www.tdp-arch.com/about/news-updates/index9855.html]
[www.tdp-arch.com/about/news-updates/index3411.html]
[www.tdp-arch.com/about/news-updates435d.html]
[www.tdp-arch.com/about/news-updates/indexa0c8.html]
[www.tdp-arch.com/about/news-updates9638.html]
[www.tdp-arch.com/about/news-updates/index605b.html]
[www.tdp-arch.com/about/news-updates/indexdbc6.html]
[www.tdp-arch.com/about/news-updates9ba9.html]
[www.tdp-arch.com/about/news-updates4658.html]
[www.tdp-arch.com/humans343b.txt]
[media.tdp-arch.com/_landscape/Donnie-Personal.png]
[www.tdp-arch.com/team/donnie-brawner.html]
[www.tdp-arch.com/news-updates/Come floating with us! Meet at SRCC at 8A. Tubes are provided or you can bring your own! Pricing includes food, transpo and tubes.html]
[www.tdp-arch.com/portfolio/index1079.html]
[www.tdp-arch.com/portfolio/indexeb85.html]
[www.tdp-arch.com/portfolio/index1a6c.html]
[www.tdp-arch.com/portfolio/indexa24b.html]
[www.tdp-arch.com/portfolio/indexd8b3.html]
[www.tdp-arch.com/portfolio/index403c.html]
[www.tdp-arch.com/portfolio/index5133.html]
[www.tdp-arch.com/portfolio/indexb2ef.html]
[media.tdp-arch.com/_landscapeLarge/Untitled-1_200323_193413.png]
[media.tdp-arch.com/_landscapeLarge/Untitled-2png.png]
[media.tdp-arch.com/_rectangle/MSLK-Conference-Room.jpg]
[media.tdp-arch.com/_square/MSLK-Lobby-2.jpg]
[media.tdp-arch.com/_rectangle/MSLK-Vestibule-2.jpg]
[www.tdp-arch.com/portfolio/farmers-bank-1.html]
[www.tdp-arch.com/portfolio/index47f9.html]
[www.tdp-arch.com/portfolio/index0949.html]
[www.tdp-arch.com/portfolio/indexf486.html]
[www.tdp-arch.com/portfolio/index3053.html]
[www.tdp-arch.com/portfolio3ca6.html]
[www.tdp-arch.com/portfolio/indexb79d.html]
[www.tdp-arch.com/portfolio/indexf20b.html]
[www.tdp-arch.com/portfolio/indexcda3.html]
[www.tdp-arch.com/portfolio/indexffbe.html]
[www.tdp-arch.com/portfolio/index4d96.html]
[www.tdp-arch.com/portfolio/indexe6fe.html]
[media.tdp-arch.com/_landscapeLarge/Main-photo-1.png]
[media.tdp-arch.com/_landscapeLarge/main-photo-2.png]
[media.tdp-arch.com/_landscapeLarge/main-photo-3.png]
[media.tdp-arch.com/_rectangle/fAw_0zGw.jpg]
[media.tdp-arch.com/_square/dcNJu7MA.jpg]
[media.tdp-arch.com/_rectangle/PUWtA7sw.jpg]
[media.tdp-arch.com/_feature/roots-after-2.png]
[media.tdp-arch.com/_feature/Roots-before.png]
[media.tdp-arch.com/_square/FbikKUOg.jpg]
[media.tdp-arch.com/_square/Eb071qDA.jpg]
[media.tdp-arch.com/_square/DjNCyDoQ-2.jpg]
[media.tdp-arch.com/_square/xPpkHKMQ.jpg]
[media.tdp-arch.com/_square/4LB7mI3A.jpg]
[media.tdp-arch.com/_square/3Cv5melg.jpg]
[www.tdp-arch.com/portfolio/roots.html]
[www.tdp-arch.com/portfolio/indexac85.html]
[www.tdp-arch.com/portfolio/indexcefb.html]
[www.tdp-arch.com/portfolio9ba9.html]
[www.tdp-arch.com/wp-content/uploads/2017/09/754013534cf457de140e4036004d273e-love-actually-liam-neeson-copy.html]
[www.tdp-arch.com/wp-content/uploads/2017/09/754013534cf457de140e4036004d273e-love-actually-liam-neeson-copy-300x127.html]
[media.tdp-arch.com/_landscapeLarge/8-ways-to-get-invoved-in-your-community-hero.png]
[media.tdp-arch.com/_rectangle/8-ways-to-get-invoved-in-your-community-highlight-1_191218_222200.png]
[media.tdp-arch.com/_rectangle/8-ways-to-get-invoved-in-your-community-highlight-2_191218_222343.png]
[media.tdp-arch.com/_rectangle/8-ways-to-get-invoved-in-your-community-highlight-3_191218_222447.png]
[media.tdp-arch.com/_rectangle/8-ways-to-get-invoved-in-your-community-highlight-4_191218_222558.png]
[media.tdp-arch.com/_rectangle/8-ways-to-get-invoved-in-your-community-highlight-5_191218_222637.png]
[media.tdp-arch.com/_rectangle/8-ways-to-get-invoved-in-your-community-highlight-6_191218_222817.png]
[media.tdp-arch.com/_rectangle/8-ways-to-get-invoved-in-your-community-highlight-7_191218_222901.png]
[media.tdp-arch.com/_rectangle/8-ways-to-get-invoved-in-your-community-highlight-8_191218_222940.png]
[www.tdp-arch.com/news-updates/8-ways-to-get-involved-in-your-community.html]
[media.tdp-arch.com/_landscapeLarge/How-to-win-an-interview-blog-hero.png]
[www.tdp-arch.com/news-updates/how-to-win-your-interview.html]
[media.tdp-arch.com/_landscapeLarge/10-Outdoor-activities-blog-hero-1.png]
[media.tdp-arch.com/_rectangle/10-Outdoor-activities-blog-Content-1.png]
[media.tdp-arch.com/_rectangle/10-Outdoor-activities-blog-Content-2.png]
[media.tdp-arch.com/_rectangle/10-Outdoor-activities-blog-Content-3.png]
[media.tdp-arch.com/_rectangle/10-Outdoor-activities-blog-Content-4.png]
[media.tdp-arch.com/_rectangle/10-Outdoor-activities-blog-Content-5.png]
[media.tdp-arch.com/_rectangle/10-Outdoor-activities-blog-Content-6.png]
[media.tdp-arch.com/_rectangle/10-Outdoor-activities-blog-Content-7.png]
[media.tdp-arch.com/_rectangle/10-Outdoor-activities-blog-Content-8.png]
[media.tdp-arch.com/_rectangle/10-Outdoor-activities-blog-Content-9png.png]
[media.tdp-arch.com/_rectangle/10-Outdoor-activities-blog-Content-10.png]
[www.tdp-arch.com/news-updates/10-places-to-enjoy-the-outdoors-in-missouri.html]
[media.tdp-arch.com/_landscapeLarge/landscaping-blog_191218_150139.png]
[media.tdp-arch.com/_rectangle/Landscaping-blog-highlight-1.png]
[media.tdp-arch.com/_rectangle/Landscaping-blog-highlight-2.png]
[media.tdp-arch.com/_rectangle/landscape-flower-edging.png]
[media.tdp-arch.com/_rectangle/landscaping-tree.png]
[media.tdp-arch.com/_rectangle/landscaping-blog-highlight-5.png]
[media.tdp-arch.com/_rectangle/Landscaping-blog-highlight-7.png]
[media.tdp-arch.com/_rectangle/Landscaping-Highlight-7.png]
[media.tdp-arch.com/_rectangle/landscaping-lush-lawn.png]
[www.tdp-arch.com/news-updates/landscaping-for-beginners.html]
[www.tdp-arch.com/cms-guide/cms-guide-overview.html]
[www.tdp-arch.com/wp-content/uploads/2017/10/twitter-office-interior-5.html]
[www.tdp-arch.com/wp-content/uploads/2017/10/twitter-office-interior-5-300x204.html]
[www.tdp-arch.com/wp-content/uploads/2017/11/pexels-photo-279754-e1510068794280.html]
[www.tdp-arch.com/wp-content/uploads/2017/10/cafe-cold2.html]
[www.tdp-arch.com/wp-content/uploads/2017/11/pexels-photo-225448-e1510069507622.html]
[www.tdp-arch.com/wp-content/uploads/2017/10/Signal-Logo.html]
[www.tdp-arch.com/about/news-updates8c20.html]
[www.tdp-arch.com/about/news-updates435d.html]
[www.tdp-arch.com/about/news-updates8b1a.html]
[www.tdp-arch.com/about/news-updates9638.html]
[www.tdp-arch.com/news-updates/2-21.html]
[media.tdp-arch.com/_rectangle/Cover-Photo.png]
[www.tdp-arch.com/news-updates/2-7.html]
[media.tdp-arch.com/_rectangle/Main-photo.jpg]
[www.tdp-arch.com/news-updates/friday-five-417s-best-events-1-3-1-9-2-1.html]
[media.tdp-arch.com/_rectangle/Main-photo.png]
[www.tdp-arch.com/news-updates/friday-five-417s-best-events-1-3-1-9-2.html]
[media.tdp-arch.com/_rectangle/KC-Friday-Five.png]
[www.tdp-arch.com/about/news-updatesfdb0.html]
[www.tdp-arch.com/about/news-updates9ba9.html]
[www.tdp-arch.com/wp-content/uploads/2019/03/Greet.html]
[www.tdp-arch.com/wp-content/uploads/2019/03/research-2.html]
[www.tdp-arch.com/wp-content/uploads/2019/03/practice.html]
[www.tdp-arch.com/wp-content/uploads/2019/03/elaborate.html]
[www.tdp-arch.com/wp-content/uploads/2019/03/Align-Your-Experience.html]
[www.tdp-arch.com/wp-content/uploads/2019/03/Leave-a-lasting-impression.html]
[www.tdp-arch.com/about/news-updatese64b.html]
[www.tdp-arch.com/about/news-updates8c20.html]
[www.tdp-arch.com/about/news-updatesf0eb.html]
[www.tdp-arch.com/about/news-updates8b1a.html]
[media.tdp-arch.com/_landscapeLarge/Cover-Photo.png]
[media.tdp-arch.com/_rectangle/Untitled-1_200219_195733.png]
[media.tdp-arch.com/_rectangle/Chili-Cookoff.png]
[media.tdp-arch.com/_rectangle/Mardi-Gras.png]
[media.tdp-arch.com/_rectangle/Prom.png]
[media.tdp-arch.com/_rectangle/From-the-skin-out.png]
[www.tdp-arch.com/news-updates/2-21.html]
[media.tdp-arch.com/_landscapeLarge/Main-photo.jpg]
[media.tdp-arch.com/_rectangle/Wine-Club.png]
[media.tdp-arch.com/_rectangle/Dance-a-tho.png]
[media.tdp-arch.com/_rectangle/Cornhole-tournament.png]
[media.tdp-arch.com/_rectangle/Pie-Crust.png]
[media.tdp-arch.com/_rectangle/Hello-Dolly.png]
[www.tdp-arch.com/news-updates/2-7.html]
[media.tdp-arch.com/_landscapeLarge/Main-photo.png]
[media.tdp-arch.com/_rectangle/Sisterhood-night.png]
[media.tdp-arch.com/_rectangle/Think-summit.png]
[media.tdp-arch.com/_rectangle/Savory-Pies.png]
[media.tdp-arch.com/_rectangle/Brewed-coffee.png]
[media.tdp-arch.com/_rectangle/Globe-Trotters.png]
[www.tdp-arch.com/news-updates/friday-five-417s-best-events-1-3-1-9-2-1.html]
[media.tdp-arch.com/_landscapeLarge/KC-Friday-Five.png]
[media.tdp-arch.com/_rectangle/Cheifs-Nation-F5.png]
[media.tdp-arch.com/_rectangle/Knife-Skills-F5.png]
[media.tdp-arch.com/_rectangle/Diva-Fest.png]
[media.tdp-arch.com/_rectangle/Latte-art-F5.png]
[media.tdp-arch.com/_rectangle/Brewery-Tour-F5.png]
[www.tdp-arch.com/news-updates/friday-five-417s-best-events-1-3-1-9-2.html]
[www.tdp-arch.com/news-updates/friday-five-417s-best-events-1-3-1-9-1.html]
[media.tdp-arch.com/_rectangle/Springfield-night-picture.jpg]
[www.tdp-arch.com/news-updates/friday-five-417s-best-events-1-3-1-9.html]
[media.tdp-arch.com/_rectangle/Friday-Five-1-3.png]
[www.tdp-arch.com/about/news-updatesaf4d.html]
[www.tdp-arch.com/about/news-updatesfdb0.html]
[www.tdp-arch.com/about/news-updatese64b.html]
[www.tdp-arch.com/about/news-updatesf0eb.html]
[media.tdp-arch.com/_landscapeLarge/Springfield-night-picture.jpg]
[media.tdp-arch.com/_rectangle/Baics-of-Romen.png]
[media.tdp-arch.com/_rectangle/Cheeseboard-making.png]
[media.tdp-arch.com/_rectangle/antonio-queer-eye.png]
[media.tdp-arch.com/_rectangle/90s.png]
[media.tdp-arch.com/_rectangle/people.png]
[www.tdp-arch.com/news-updates/friday-five-417s-best-events-1-3-1-9-1.html]
[media.tdp-arch.com/_landscapeLarge/Friday-Five-1-3.png]
[media.tdp-arch.com/_rectangle/Running-1.png]
[media.tdp-arch.com/_rectangle/Ha-Ha-Tonk-1.jpg.png]
[media.tdp-arch.com/_rectangle/Macadoodles-1.jpg.png]
[media.tdp-arch.com/_rectangle/Pythian-Castle-1.jpg.png]
[media.tdp-arch.com/_rectangle/Fleetwood-mac-1.jpg.png]
[www.tdp-arch.com/news-updates/friday-five-417s-best-events-1-3-1-9.html]
[www.tdp-arch.com/about/news-updatesaf4d.html]
